# JRE version: OpenJDK Runtime Environment Temurin-17.0.2+8 (17.0.2+8) (build 17.0.2+8)
# Java VM: OpenJDK 64-Bit Server VM Temurin-17.0.2+8 (17.0.2+8, mixed mode, tiered, compressed oops, compressed class ptrs, g1 gc, windows-amd64)
GC Precious Log:
 CPUs: 8 total, 8 available
 Memory: 12138M
 Large Page Support: Disabled
 NUMA Support: Disabled
 Compressed Oops: Enabled (Zero based)
 Heap Region Size: 2M
 Heap Min Capacity: 8M
 Heap Initial Capacity: 190M
 Heap Max Capacity: 3036M
 Pre-touch: Disabled
 Parallel Workers: 8
 Concurrent Workers: 2
 Concurrent Refinement Workers: 8
 Periodic GC: Disabled
Heap:
 garbage-first heap   total 102400K, used 73424K [0x0000000742400000, 0x0000000800000000)
  region size 2048K, 22 young (45056K), 2 survivors (4096K)
 Metaspace       used 65638K, committed 66048K, reserved 1114112K
  class space    used 8152K, committed 8320K, reserved 1048576K
GC Heap History (20 events):
Event: 11.006 GC heap before
{Heap before GC invocations=8 (full 0):
 garbage-first heap   total 118784K, used 66466K [0x0000000742400000, 0x0000000800000000)
  region size 2048K, 28 young (57344K), 1 survivors (2048K)
 Metaspace       used 35844K, committed 36096K, reserved 1081344K
  class space    used 4150K, committed 4288K, reserved 1048576K
}
Event: 11.042 GC heap after
{Heap after GC invocations=9 (full 0):
 garbage-first heap   total 118784K, used 17345K [0x0000000742400000, 0x0000000800000000)
  region size 2048K, 3 young (6144K), 3 survivors (6144K)
 Metaspace       used 35844K, committed 36096K, reserved 1081344K
  class space    used 4150K, committed 4288K, reserved 1048576K
}
Event: 13.085 GC heap before
{Heap before GC invocations=10 (full 0):
 garbage-first heap   total 69632K, used 52161K [0x0000000742400000, 0x0000000800000000)
  region size 2048K, 20 young (40960K), 3 survivors (6144K)
 Metaspace       used 39719K, committed 40064K, reserved 1089536K
  class space    used 4601K, committed 4800K, reserved 1048576K
}
Event: 13.112 GC heap after
{Heap after GC invocations=11 (full 0):
 garbage-first heap   total 69632K, used 20139K [0x0000000742400000, 0x0000000800000000)
  region size 2048K, 2 young (4096K), 2 survivors (4096K)
 Metaspace       used 39719K, committed 40064K, reserved 1089536K
  class space    used 4601K, committed 4800K, reserved 1048576K
}
Event: 14.337 GC heap before
{Heap before GC invocations=11 (full 0):
 garbage-first heap   total 69632K, used 48811K [0x0000000742400000, 0x0000000800000000)
  region size 2048K, 16 young (32768K), 2 survivors (4096K)
 Metaspace       used 41965K, committed 42304K, reserved 1089536K
  class space    used 4920K, committed 5120K, reserved 1048576K
}
Event: 14.357 GC heap after
{Heap after GC invocations=12 (full 0):
 garbage-first heap   total 69632K, used 22006K [0x0000000742400000, 0x0000000800000000)
  region size 2048K, 1 young (2048K), 1 survivors (2048K)
 Metaspace       used 41965K, committed 42304K, reserved 1089536K
  class space    used 4920K, committed 5120K, reserved 1048576K
}
Event: 15.408 GC heap before
{Heap before GC invocations=12 (full 0):
 garbage-first heap   total 69632K, used 50678K [0x0000000742400000, 0x0000000800000000)
  region size 2048K, 15 young (30720K), 1 survivors (2048K)
 Metaspace       used 43153K, committed 43520K, reserved 1089536K
  class space    used 5078K, committed 5248K, reserved 1048576K
}
Event: 15.423 GC heap after
{Heap after GC invocations=13 (full 0):
 garbage-first heap   total 83968K, used 22751K [0x0000000742400000, 0x0000000800000000)
  region size 2048K, 2 young (4096K), 2 survivors (4096K)
 Metaspace       used 43153K, committed 43520K, reserved 1089536K
  class space    used 5078K, committed 5248K, reserved 1048576K
}
Event: 16.819 GC heap before
{Heap before GC invocations=13 (full 0):
 garbage-first heap   total 83968K, used 61663K [0x0000000742400000, 0x0000000800000000)
  region size 2048K, 21 young (43008K), 2 survivors (4096K)
 Metaspace       used 45244K, committed 45568K, reserved 1089536K
  class space    used 5368K, committed 5504K, reserved 1048576K
}
Event: 16.829 GC heap after
{Heap after GC invocations=14 (full 0):
 garbage-first heap   total 83968K, used 24164K [0x0000000742400000, 0x0000000800000000)
  region size 2048K, 2 young (4096K), 2 survivors (4096K)
 Metaspace       used 45244K, committed 45568K, reserved 1089536K
  class space    used 5368K, committed 5504K, reserved 1048576K
}
Event: 18.062 GC heap before
{Heap before GC invocations=14 (full 0):
 garbage-first heap   total 83968K, used 65124K [0x0000000742400000, 0x0000000800000000)
  region size 2048K, 22 young (45056K), 2 survivors (4096K)
 Metaspace       used 50086K, committed 50432K, reserved 1097728K
  class space    used 6005K, committed 6208K, reserved 1048576K
}
Event: 18.076 GC heap after
{Heap after GC invocations=15 (full 0):
 garbage-first heap   total 83968K, used 26812K [0x0000000742400000, 0x0000000800000000)
  region size 2048K, 3 young (6144K), 3 survivors (6144K)
 Metaspace       used 50086K, committed 50432K, reserved 1097728K
  class space    used 6005K, committed 6208K, reserved 1048576K
}
Event: 19.116 GC heap before
{Heap before GC invocations=15 (full 0):
 garbage-first heap   total 83968K, used 63676K [0x0000000742400000, 0x0000000800000000)
  region size 2048K, 21 young (43008K), 3 survivors (6144K)
 Metaspace       used 53478K, committed 53824K, reserved 1097728K
  class space    used 6548K, committed 6720K, reserved 1048576K
}
Event: 19.125 GC heap after
{Heap after GC invocations=16 (full 0):
 garbage-first heap   total 83968K, used 28955K [0x0000000742400000, 0x0000000800000000)
  region size 2048K, 3 young (6144K), 3 survivors (6144K)
 Metaspace       used 53478K, committed 53824K, reserved 1097728K
  class space    used 6548K, committed 6720K, reserved 1048576K
}
Event: 19.951 GC heap before
{Heap before GC invocations=16 (full 0):
 garbage-first heap   total 83968K, used 63771K [0x0000000742400000, 0x0000000800000000)
  region size 2048K, 20 young (40960K), 3 survivors (6144K)
 Metaspace       used 56065K, committed 56448K, reserved 1105920K
  class space    used 6974K, committed 7168K, reserved 1048576K
}
Event: 19.960 GC heap after
{Heap after GC invocations=17 (full 0):
 garbage-first heap   total 83968K, used 30816K [0x0000000742400000, 0x0000000800000000)
  region size 2048K, 3 young (6144K), 3 survivors (6144K)
 Metaspace       used 56065K, committed 56448K, reserved 1105920K
  class space    used 6974K, committed 7168K, reserved 1048576K
}
Event: 20.724 GC heap before
{Heap before GC invocations=17 (full 0):
 garbage-first heap   total 83968K, used 63584K [0x0000000742400000, 0x0000000800000000)
  region size 2048K, 19 young (38912K), 3 survivors (6144K)
 Metaspace       used 58080K, committed 58432K, reserved 1105920K
  class space    used 7249K, committed 7424K, reserved 1048576K
}
Event: 20.734 GC heap after
{Heap after GC invocations=18 (full 0):
 garbage-first heap   total 83968K, used 32974K [0x0000000742400000, 0x0000000800000000)
  region size 2048K, 2 young (4096K), 2 survivors (4096K)
 Metaspace       used 58080K, committed 58432K, reserved 1105920K
  class space    used 7249K, committed 7424K, reserved 1048576K
}
Event: 22.174 GC heap before
{Heap before GC invocations=18 (full 0):
 garbage-first heap   total 83968K, used 63694K [0x0000000742400000, 0x0000000800000000)
  region size 2048K, 18 young (36864K), 2 survivors (4096K)
 Metaspace       used 59951K, committed 60288K, reserved 1105920K
  class space    used 7527K, committed 7680K, reserved 1048576K
}
Event: 22.184 GC heap after
{Heap after GC invocations=19 (full 0):
 garbage-first heap   total 102400K, used 34512K [0x0000000742400000, 0x0000000800000000)
  region size 2048K, 2 young (4096K), 2 survivors (4096K)
 Metaspace       used 59951K, committed 60288K, reserved 1105920K
  class space    used 7527K, committed 7680K, reserved 1048576K
}

